<?xml version="1.0" encoding="UTF-8"?>
<!-- Generated by org.testng.reporters.JUnitXMLReporter -->
<testsuite ignored="3" hostname="DESKTOP-799KKK6" failures="0" tests="2" name="Test3" time="25.322" errors="0" timestamp="2025-07-15T03:21:18 IST">
  <testcase classname="tests.LoginTest" name="inValidUserTest" time="0.544"/>
  <testcase classname="tests.LoginTest" name="validUserTest" time="4.094"/>
  <testcase classname="tests.FirstTest" name="testCase1" time="0.0">
    <ignored/>
  </testcase> <!-- testCase1 -->
  <testcase classname="tests.FirstTest" name="testCase2" time="0.0">
    <ignored/>
  </testcase> <!-- testCase2 -->
  <testcase classname="genericlibrary.BaseTest" name="@BeforeSuite clearDir" time="0.0">
    <ignored/>
  </testcase> <!-- @BeforeSuite clearDir -->
</testsuite> <!-- Test3 -->
