<?xml version="1.0" encoding="UTF-8"?>
<!-- Generated by org.testng.reporters.JUnitXMLReporter -->
<testsuite ignored="1" hostname="DESKTOP-799KKK6" failures="0" tests="4" name="Test3" time="61.237" errors="0" timestamp="2025-07-15T03:23:37 IST">
  <testcase classname="tests.FirstTest" name="testCase1" time="5.023"/>
  <testcase classname="tests.FirstTest" name="testCase2" time="5.023"/>
  <testcase classname="tests.LoginTest" name="inValidUserTest" time="0.421"/>
  <testcase classname="tests.LoginTest" name="validUserTest" time="2.364"/>
  <testcase classname="genericlibrary.BaseTest" name="@BeforeSuite clearDir" time="0.0">
    <ignored/>
  </testcase> <!-- @BeforeSuite clearDir -->
</testsuite> <!-- Test3 -->
