<?xml version="1.0" encoding="UTF-8"?>
<testng-results ignored="0" total="2" passed="2" failed="0" skipped="0">
  <reporter-output>
  </reporter-output>
  <suite started-at="2025-07-15T03:20:52 IST" name="Suite" finished-at="2025-07-15T03:21:17 IST" duration-ms="25322">
    <groups>
      <group name="smoke">
        <method signature="LoginTest.inValidUserTest()[pri:0, instance:tests.LoginTest@489115ef]" name="inValidUserTest" class="tests.LoginTest"/>
        <method signature="LoginTest.validUserTest(com.fasterxml.jackson.databind.JsonNode)[pri:0, instance:tests.LoginTest@489115ef]" name="validUserTest" class="tests.LoginTest"/>
      </group> <!-- smoke -->
    </groups>
    <test started-at="2025-07-15T03:20:52 IST" name="Test3" finished-at="2025-07-15T03:21:17 IST" duration-ms="25322">
      <class name="tests.FirstTest">
        <test-method is-config="true" signature="clearDir()[pri:0, instance:tests.FirstTest@3b0090a4]" started-at="2025-07-15T03:20:52 IST" name="clearDir" finished-at="2025-07-15T03:20:52 IST" duration-ms="11" status="PASS">
          <reporter-output>
          </reporter-output>
        </test-method> <!-- clearDir -->
      </class> <!-- tests.FirstTest -->
      <class name="tests.LoginTest">
        <test-method is-config="true" signature="launchBrowser(java.lang.String)[pri:0, instance:tests.LoginTest@489115ef]" started-at="2025-07-15T03:20:52 IST" name="launchBrowser" finished-at="2025-07-15T03:21:01 IST" duration-ms="8667" status="PASS">
          <params>
            <param index="0">
              <value>
                <![CDATA[chrome]]>
              </value>
            </param>
          </params>
          <reporter-output>
          </reporter-output>
        </test-method> <!-- launchBrowser -->
        <test-method is-config="true" signature="setUp()[pri:0, instance:tests.LoginTest@489115ef]" started-at="2025-07-15T03:21:01 IST" name="setUp" finished-at="2025-07-15T03:21:01 IST" duration-ms="1" status="PASS">
          <reporter-output>
          </reporter-output>
        </test-method> <!-- setUp -->
        <test-method signature="inValidUserTest()[pri:0, instance:tests.LoginTest@489115ef]" started-at="2025-07-15T03:21:01 IST" name="inValidUserTest" finished-at="2025-07-15T03:21:02 IST" duration-ms="544" status="PASS">
          <reporter-output>
          </reporter-output>
        </test-method> <!-- inValidUserTest -->
        <test-method is-config="true" signature="logout()[pri:0, instance:tests.LoginTest@489115ef]" started-at="2025-07-15T03:21:02 IST" name="logout" finished-at="2025-07-15T03:21:12 IST" duration-ms="10652" status="PASS">
          <reporter-output>
          </reporter-output>
        </test-method> <!-- logout -->
        <test-method signature="validUserTest(com.fasterxml.jackson.databind.JsonNode)[pri:0, instance:tests.LoginTest@489115ef]" started-at="2025-07-15T03:21:13 IST" name="validUserTest" data-provider="testData" finished-at="2025-07-15T03:21:17 IST" duration-ms="4094" status="PASS">
          <params>
            <param index="0">
              <value>
                <![CDATA[{"Execute":true,"AgencyName":"MILLENNIAL SPECIALTY INS LLC DBA in California as MILLENNIAL INSURANCE AGENCY LLC","AgentName":"Bresha Coates","Street":"4018 N Riverside Dr","City":"Tampa","Zipcode":"33603","FirstName":"TestFirstName","LastName":"TestLastName","DOB":"07/01/2000","Email":"test@xyz.com","Contact":"(813) 838-1121","PaymentPlan":"Annual","YearBuilt":"2022","Occupancy":"Primary","RoofYear":"2022","Construction":"Frame","AgentLicense":"123456","CoverageA":"500000","CoverageB":"10%","CoverageC":"50%","CoverageD":"20%"}]]>
              </value>
            </param>
          </params>
          <reporter-output>
          </reporter-output>
        </test-method> <!-- validUserTest -->
        <test-method is-config="true" signature="setUp()[pri:0, instance:tests.LoginTest@489115ef]" started-at="2025-07-15T03:21:13 IST" name="setUp" finished-at="2025-07-15T03:21:13 IST" duration-ms="0" status="PASS">
          <reporter-output>
          </reporter-output>
        </test-method> <!-- setUp -->
        <test-method is-config="true" signature="logout()[pri:0, instance:tests.LoginTest@489115ef]" started-at="2025-07-15T03:21:17 IST" name="logout" finished-at="2025-07-15T03:21:17 IST" duration-ms="245" status="PASS">
          <reporter-output>
          </reporter-output>
        </test-method> <!-- logout -->
        <test-method is-config="true" signature="tearDown()[pri:0, instance:tests.LoginTest@489115ef]" started-at="2025-07-15T03:21:17 IST" name="tearDown" finished-at="2025-07-15T03:21:17 IST" duration-ms="417" status="PASS">
          <reporter-output>
          </reporter-output>
        </test-method> <!-- tearDown -->
      </class> <!-- tests.LoginTest -->
    </test> <!-- Test3 -->
  </suite> <!-- Suite -->
</testng-results>
